..Init U
Init M
Init overall_mean
Init b_U
Init b_U
Iteration:1: cost is 26901.0175513
Iteration:2: cost is 25821.8134094
Iteration:3: cost is 25008.1129403
Iteration:4: cost is 24326.4762617
Iteration:5: cost is 23736.5934636
Iteration:6: cost is 23217.3020355
Iteration:7: cost is 22755.1210501
Iteration:8: cost is 22340.5102675
Iteration:9: cost is 21966.2695202
Iteration:10: cost is 21626.7332406
Iteration:11: cost is 21317.3159021
Iteration:12: cost is 21034.231981
Iteration:13: cost is 20774.3110407
Iteration:14: cost is 20534.8687083
Iteration:15: cost is 20313.6126529
Iteration:16: cost is 20108.5717035
Iteration:17: cost is 19918.0409791
Iteration:18: cost is 19740.5385268
Iteration:19: cost is 19574.7704914
Iteration:20: cost is 19419.6027724
Iteration:21: cost is 19274.0377141
Iteration:22: cost is 19137.1947689
Iteration:23: cost is 19008.2943376
Iteration:24: cost is 18886.6441809
Iteration:25: cost is 18771.6279297
Iteration:26: cost is 18662.6953255
Iteration:27: cost is 18559.3538915
Iteration:28: cost is 18461.1618008
Iteration:29: cost is 18367.7217446
Iteration:30: cost is 18278.6756454
Iteration:31: cost is 18193.7000829
Iteration:32: cost is 18112.5023262
Iteration:33: cost is 18034.8168827
Iteration:34: cost is 17960.4024881
Iteration:35: cost is 17889.0394747
Iteration:36: cost is 17820.5274655
Iteration:37: cost is 17754.6833495
Iteration:38: cost is 17691.3394982
Iteration:39: cost is 17630.3421942
Iteration:40: cost is 17571.5502412
Iteration:41: cost is 17514.8337336
Iteration:42: cost is 17460.0729643
Iteration:43: cost is 17407.1574549
Iteration:44: cost is 17355.9850911
Iteration:45: cost is 17306.4613515
Iteration:46: cost is 17258.4986193
Iteration:47: cost is 17212.0155651
Iteration:48: cost is 17166.9365943
Iteration:49: cost is 17123.1913507
Iteration:50: cost is 17080.7142696
Iteration:51: cost is 17039.4441759
Iteration:52: cost is 16999.323921
Iteration:53: cost is 16960.3000549
Iteration:54: cost is 16922.3225297
Iteration:55: cost is 16885.3444306
Iteration:56: cost is 16849.321732
Iteration:57: cost is 16814.2130762
Iteration:58: cost is 16779.9795713
Iteration:59: cost is 16746.5846078
Iteration:60: cost is 16713.9936912
Iteration:61: cost is 16682.1742886
Iteration:62: cost is 16651.095689
Iteration:63: cost is 16620.7288753
Iteration:64: cost is 16591.0464064
Iteration:65: cost is 16562.0223102
Iteration:66: cost is 16533.6319836
Iteration:67: cost is 16505.8521024
Iteration:68: cost is 16478.6605366
Iteration:69: cost is 16452.0362739
Iteration:70: cost is 16425.9593474
Iteration:71: cost is 16400.4107706
Iteration:72: cost is 16375.372476
Iteration:73: cost is 16350.8272587
Iteration:74: cost is 16326.7587243
Iteration:75: cost is 16303.1512402
Iteration:76: cost is 16279.989891
Iteration:77: cost is 16257.2604362
Iteration:78: cost is 16234.9492717
Iteration:79: cost is 16213.0433936
Iteration:80: cost is 16191.5303641
Iteration:81: cost is 16170.3982805
Iteration:82: cost is 16149.6357459
Iteration:83: cost is 16129.2318413
Iteration:84: cost is 16109.1761005
Iteration:85: cost is 16089.4584858
Iteration:86: cost is 16070.0693661
Iteration:87: cost is 16050.9994951
Iteration:88: cost is 16032.2399922
Iteration:89: cost is 16013.782324
Iteration:90: cost is 15995.6182868
Iteration:91: cost is 15977.73999
Iteration:92: cost is 15960.1398414
Iteration:93: cost is 15942.8105325
Iteration:94: cost is 15925.7450246
Iteration:95: cost is 15908.9365365
Iteration:96: cost is 15892.3785324
Iteration:97: cost is 15876.0647101
Iteration:98: cost is 15859.9889907
Iteration:99: cost is 15844.1455085
Iteration:100: cost is 15828.5286008
Iteration:101: cost is 15813.1327997
Iteration:102: cost is 15797.9528231
Iteration:103: cost is 15782.9835664
Iteration:104: cost is 15768.2200953
Iteration:105: cost is 15753.6576381
Iteration:106: cost is 15739.2915791
Iteration:107: cost is 15725.1174519
Iteration:108: cost is 15711.1309332
Iteration:109: cost is 15697.3278371
Iteration:110: cost is 15683.7041092
Iteration:111: cost is 15670.2558215
Iteration:112: cost is 15656.9791672
Iteration:113: cost is 15643.8704561
Iteration:114: cost is 15630.9261096
Iteration:115: cost is 15618.1426571
Iteration:116: cost is 15605.5167308
Iteration:117: cost is 15593.0450628
Iteration:118: cost is 15580.7244804
Iteration:119: cost is 15568.5519034
Iteration:120: cost is 15556.5243398
Iteration:121: cost is 15544.6388832
Iteration:122: cost is 15532.8927091
Iteration:123: cost is 15521.2830726
Iteration:124: cost is 15509.8073048
Iteration:125: cost is 15498.4628107
Iteration:126: cost is 15487.2470659
Iteration:127: cost is 15476.157615
Iteration:128: cost is 15465.1920684
Iteration:129: cost is 15454.3481003
Iteration:130: cost is 15443.6234468
Iteration:131: cost is 15433.0159032
Iteration:132: cost is 15422.5233225
Iteration:133: cost is 15412.1436133
Iteration:134: cost is 15401.8747378
Iteration:135: cost is 15391.7147103
Iteration:136: cost is 15381.6615953
Iteration:137: cost is 15371.7135058
Iteration:138: cost is 15361.8686019
Iteration:139: cost is 15352.1250893
Iteration:140: cost is 15342.4812178
Iteration:141: cost is 15332.9352798
Iteration:142: cost is 15323.485609
Iteration:143: cost is 15314.1305793
Iteration:144: cost is 15304.8686034
Iteration:145: cost is 15295.6981313
Iteration:146: cost is 15286.61765
Iteration:147: cost is 15277.6256816
Iteration:148: cost is 15268.7207823
Iteration:149: cost is 15259.901542
Iteration:150: cost is 15251.1665826
Iteration:151: cost is 15242.5145575
Iteration:152: cost is 15233.9441503
Iteration:153: cost is 15225.4540744
Iteration:154: cost is 15217.0430717
Iteration:155: cost is 15208.709912
Iteration:156: cost is 15200.4533922
Iteration:157: cost is 15192.2723355
Iteration:158: cost is 15184.1655906
Iteration:159: cost is 15176.1320311
Iteration:160: cost is 15168.1705547
Iteration:161: cost is 15160.2800826
Iteration:162: cost is 15152.4595589
Iteration:163: cost is 15144.7079497
Iteration:164: cost is 15137.0242429
Iteration:165: cost is 15129.4074474
Iteration:166: cost is 15121.8565927
Iteration:167: cost is 15114.3707278
Iteration:168: cost is 15106.9489216
Iteration:169: cost is 15099.5902615
Iteration:170: cost is 15092.2938535
Iteration:171: cost is 15085.0588213
Iteration:172: cost is 15077.8843064
Iteration:173: cost is 15070.769467
Iteration:174: cost is 15063.7134779
Iteration:175: cost is 15056.7155301
Iteration:176: cost is 15049.7748304
Iteration:177: cost is 15042.8906007
Iteration:178: cost is 15036.0620782
Iteration:179: cost is 15029.2885144
Iteration:180: cost is 15022.5691751
Iteration:181: cost is 15015.9033401
Iteration:182: cost is 15009.2903026
Iteration:183: cost is 15002.729369
Iteration:184: cost is 14996.2198587
Iteration:185: cost is 14989.7611035
Iteration:186: cost is 14983.3524477
Iteration:187: cost is 14976.9932474
Iteration:188: cost is 14970.6828705
Iteration:189: cost is 14964.4206963
Iteration:190: cost is 14958.2061152
Iteration:191: cost is 14952.0385286
